Microsoft (R) Macro Assembler Version 14.16.27027.1	    02/21/19 14:27:41
Sandbox.asm						     Page 1 - 1


				; Bryan's ASM Sandbox
				;OV: Overflow
				;UP: Direction
				;EI: Interrupt
				;PL: Sign
				;ZR: Zero
				;AC: Auxiliary carry
				;PE: Parity
				;CY: Carry

				.386
				.model flat,stdcall
				.stack 4096
				ExitProcess proto,dwExitCode:dword

 00000000			.data
 00000000 04			val1 BYTE 4

 00000000			.code
 00000000			main proc
 00000000  B8 00000000			mov eax,0
 00000005  BB 00000000			mov ebx,0
 0000000A  B3 06			mov bl,6
 0000000C  02 1D 00000000 R		add bl,val1
 00000012  8A C3			mov al,bl
					invoke ExitProcess,0
 00000014  6A 00	   *	    push   +000000000h
 00000016  E8 00000000 E   *	    call   ExitProcess
 0000001B			main endp
				end main
Microsoft (R) Macro Assembler Version 14.16.27027.1	    02/21/19 14:27:41
Sandbox.asm						     Symbols 2 - 1




Segments and Groups:

                N a m e                 Size     Length   Align   Combine Class

FLAT . . . . . . . . . . . . . .	GROUP
STACK  . . . . . . . . . . . . .	32 Bit	 00001000 DWord	  Stack	  'STACK'	 
_DATA  . . . . . . . . . . . . .	32 Bit	 00000001 DWord	  Public  'DATA'	
_TEXT  . . . . . . . . . . . . .	32 Bit	 0000001B DWord	  Public  'CODE'	


Procedures, parameters, and locals:

                N a m e                 Type     Value    Attr

ExitProcess  . . . . . . . . . .	P Near	 00000000 FLAT	Length= 00000000 External STDCALL
main . . . . . . . . . . . . . .	P Near	 00000000 _TEXT	Length= 0000001B Public STDCALL


Symbols:

                N a m e                 Type     Value    Attr

@CodeSize  . . . . . . . . . . .	Number	 00000000h   
@DataSize  . . . . . . . . . . .	Number	 00000000h   
@Interface . . . . . . . . . . .	Number	 00000003h   
@Model . . . . . . . . . . . . .	Number	 00000007h   
@code  . . . . . . . . . . . . .	Text   	 _TEXT
@data  . . . . . . . . . . . . .	Text   	 FLAT
@fardata?  . . . . . . . . . . .	Text   	 FLAT
@fardata . . . . . . . . . . . .	Text   	 FLAT
@stack . . . . . . . . . . . . .	Text   	 FLAT
val1 . . . . . . . . . . . . . .	Byte	 00000000 _DATA	

	   0 Warnings
	   0 Errors
