Microsoft (R) Macro Assembler Version 14.16.27027.1	    02/20/19 21:19:24
Dup.asm							     Page 1 - 1


				; Using the dup operator
				; Lab 6 Part 1 - Dup

				.386
				.model flat,stdcall
				.stack 4096
				ExitProcess proto,dwExitCode:dword

 00000000			.data
 00000000  00000004 [		myWord WORD 4 dup(1,2,3,4,5) ;word = 2 bytes, so each section in the array is 2 bytes
	    0001 0002
	    0003 0004
	    0005
	   ]
 00000028 0A FF			var1 BYTE 0Ah, 255

 00000000			.code
 00000000			main proc	
 00000000  B8 00000000			mov eax,0
 00000005  BB 00000000			mov ebx,0
 0000000A  B9 00000000			mov ecx,0

					
					;adds each copy of the above myWord to the ax register
					;each index or number in the array is allocated 2 bytes because its WORD sized
					;and the +0, +2, etc. is the "offset" of each index in the array

 0000000F  8A 1D 00000028 R		mov bl,var1
 00000015  8A 0D 00000029 R		mov cl,[var1+1]
 0000001B  66| A1			mov ax,myWord+0
	   00000000 R
 00000021  66| 03 05			add ax,myWord+2
	   00000002 R
 00000028  66| 03 05			add ax,myWord+4
	   00000004 R
 0000002F  66| 03 05			add ax,myWord+6
	   00000006 R
 00000036  66| 03 05			add ax,myWord+8
	   00000008 R

					invoke ExitProcess,0
 0000003D  6A 00	   *	    push   +000000000h
 0000003F  E8 00000000 E   *	    call   ExitProcess
 00000044			main endp
				end main
Microsoft (R) Macro Assembler Version 14.16.27027.1	    02/20/19 21:19:24
Dup.asm							     Symbols 2 - 1




Segments and Groups:

                N a m e                 Size     Length   Align   Combine Class

FLAT . . . . . . . . . . . . . .	GROUP
STACK  . . . . . . . . . . . . .	32 Bit	 00001000 DWord	  Stack	  'STACK'	 
_DATA  . . . . . . . . . . . . .	32 Bit	 0000002A DWord	  Public  'DATA'	
_TEXT  . . . . . . . . . . . . .	32 Bit	 00000044 DWord	  Public  'CODE'	


Procedures, parameters, and locals:

                N a m e                 Type     Value    Attr

ExitProcess  . . . . . . . . . .	P Near	 00000000 FLAT	Length= 00000000 External STDCALL
main . . . . . . . . . . . . . .	P Near	 00000000 _TEXT	Length= 00000044 Public STDCALL


Symbols:

                N a m e                 Type     Value    Attr

@CodeSize  . . . . . . . . . . .	Number	 00000000h   
@DataSize  . . . . . . . . . . .	Number	 00000000h   
@Interface . . . . . . . . . . .	Number	 00000003h   
@Model . . . . . . . . . . . . .	Number	 00000007h   
@code  . . . . . . . . . . . . .	Text   	 _TEXT
@data  . . . . . . . . . . . . .	Text   	 FLAT
@fardata?  . . . . . . . . . . .	Text   	 FLAT
@fardata . . . . . . . . . . . .	Text   	 FLAT
@stack . . . . . . . . . . . . .	Text   	 FLAT
myWord . . . . . . . . . . . . .	Word	 00000000 _DATA	
var1 . . . . . . . . . . . . . .	Byte	 00000028 _DATA	

	   0 Warnings
	   0 Errors
