Microsoft (R) Macro Assembler Version 14.16.27027.1	    04/11/19 16:47:03
Nonni2.asm						     Page 1 - 1


				; Student: Bryan Nonni
				; Class: CSC3210
				; Assignment#: 5-2
				; Description: Implement the following expression in assembly language:
				  
				.386
				.model flat,stdcall
				.stack 4096
				ExitProcess proto,dwExitCode:dword
 00000000			.data
 00000000 CE				var1 SBYTE -50
 00000001 00F5				var2 WORD 245
 00000003 FF9C				var3 SWORD -100
 00000000			.code
 00000000			main proc
					
 00000000  66| A1			mov ax, var2
	   00000001 R
					
					
					invoke ExitProcess,0
 00000006  6A 00	   *	    push   +000000000h
 00000008  E8 00000000 E   *	    call   ExitProcess

 0000000D			main endp
				end main
Microsoft (R) Macro Assembler Version 14.16.27027.1	    04/11/19 16:47:03
Nonni2.asm						     Symbols 2 - 1




Segments and Groups:

                N a m e                 Size     Length   Align   Combine Class

FLAT . . . . . . . . . . . . . .	GROUP
STACK  . . . . . . . . . . . . .	32 Bit	 00001000 DWord	  Stack	  'STACK'	 
_DATA  . . . . . . . . . . . . .	32 Bit	 00000005 DWord	  Public  'DATA'	
_TEXT  . . . . . . . . . . . . .	32 Bit	 0000000D DWord	  Public  'CODE'	


Procedures, parameters, and locals:

                N a m e                 Type     Value    Attr

ExitProcess  . . . . . . . . . .	P Near	 00000000 FLAT	Length= 00000000 External STDCALL
main . . . . . . . . . . . . . .	P Near	 00000000 _TEXT	Length= 0000000D Public STDCALL


Symbols:

                N a m e                 Type     Value    Attr

@CodeSize  . . . . . . . . . . .	Number	 00000000h   
@DataSize  . . . . . . . . . . .	Number	 00000000h   
@Interface . . . . . . . . . . .	Number	 00000003h   
@Model . . . . . . . . . . . . .	Number	 00000007h   
@code  . . . . . . . . . . . . .	Text   	 _TEXT
@data  . . . . . . . . . . . . .	Text   	 FLAT
@fardata?  . . . . . . . . . . .	Text   	 FLAT
@fardata . . . . . . . . . . . .	Text   	 FLAT
@stack . . . . . . . . . . . . .	Text   	 FLAT
var1 . . . . . . . . . . . . . .	Byte	 00000000 _DATA	
var2 . . . . . . . . . . . . . .	Word	 00000001 _DATA	
var3 . . . . . . . . . . . . . .	Word	 00000003 _DATA	

	   0 Warnings
	   0 Errors
