Microsoft (R) Macro Assembler Version 14.16.27027.1	    04/18/19 15:34:47
Practice3.asm						     Page 1 - 1


				; Bryan Nonni

				.386
				.model flat,stdcall
				.stack 4096
				ExitProcess proto,dwExitCode:dword

 00000000			.data
 00000000  00000004 [		array DWORD 4 DUP(0)
	    00000000
	   ]

 00000000			.code
 00000000			main PROC
 00000000  B8 0000000A		mov eax,10
 00000005  BE 00000000		mov esi,0
 0000000A  E8 00000013		call proc_1
 0000000F  83 C6 04		add esi,4
 00000012  83 C0 0A		add eax,10
 00000015  89 86 00000000 R	mov array[esi],eax
				INVOKE ExitProcess,0
 0000001B  6A 00	   *	    push   +000000000h
 0000001D  E8 00000000 E   *	    call   ExitProcess
 00000022			main ENDP
 00000022			proc_1 PROC
 00000022  E8 0000000D		call proc_2
 00000027  83 C6 04		add esi,4
 0000002A  83 C0 0A		add eax,10
 0000002D  89 86 00000000 R	mov array[esi],eax
 00000033  C3			ret
 00000034			proc_1 ENDP
 00000034			proc_2 PROC
 00000034  E8 0000000D		call proc_3
 00000039  83 C6 04		add esi,4
 0000003C  83 C0 0A		add eax,10
 0000003F  89 86 00000000 R	mov array[esi],eax
 00000045  C3			ret
 00000046			proc_2 ENDP
 00000046			proc_3 PROC
 00000046  89 86 00000000 R	mov array[esi],eax
 0000004C  C3			ret
 0000004D			proc_3 ENDP
				end main
Microsoft (R) Macro Assembler Version 14.16.27027.1	    04/18/19 15:34:47
Practice3.asm						     Symbols 2 - 1




Segments and Groups:

                N a m e                 Size     Length   Align   Combine Class

FLAT . . . . . . . . . . . . . .	GROUP
STACK  . . . . . . . . . . . . .	32 Bit	 00001000 DWord	  Stack	  'STACK'	 
_DATA  . . . . . . . . . . . . .	32 Bit	 00000010 DWord	  Public  'DATA'	
_TEXT  . . . . . . . . . . . . .	32 Bit	 0000004D DWord	  Public  'CODE'	


Procedures, parameters, and locals:

                N a m e                 Type     Value    Attr

ExitProcess  . . . . . . . . . .	P Near	 00000000 FLAT	Length= 00000000 External STDCALL
main . . . . . . . . . . . . . .	P Near	 00000000 _TEXT	Length= 00000022 Public STDCALL
proc_1 . . . . . . . . . . . . .	P Near	 00000022 _TEXT	Length= 00000012 Public STDCALL
proc_2 . . . . . . . . . . . . .	P Near	 00000034 _TEXT	Length= 00000012 Public STDCALL
proc_3 . . . . . . . . . . . . .	P Near	 00000046 _TEXT	Length= 00000007 Public STDCALL


Symbols:

                N a m e                 Type     Value    Attr

@CodeSize  . . . . . . . . . . .	Number	 00000000h   
@DataSize  . . . . . . . . . . .	Number	 00000000h   
@Interface . . . . . . . . . . .	Number	 00000003h   
@Model . . . . . . . . . . . . .	Number	 00000007h   
@code  . . . . . . . . . . . . .	Text   	 _TEXT
@data  . . . . . . . . . . . . .	Text   	 FLAT
@fardata?  . . . . . . . . . . .	Text   	 FLAT
@fardata . . . . . . . . . . . .	Text   	 FLAT
@stack . . . . . . . . . . . . .	Text   	 FLAT
array  . . . . . . . . . . . . .	DWord	 00000000 _DATA	

	   0 Warnings
	   0 Errors
