Microsoft (R) Macro Assembler Version 14.16.27027.1	    03/27/19 09:57:59
IF.asm							     Page 1 - 1


				; Bryan Nonni
				; CSC 3210 - TR 345; Date: 03/27/2019
				; Description: Write and run a program to find the values of each destination operand using two loop instruction
				; Lab 10 Program 3 - If Statement 1

				.386
				.model flat,stdcall
				.stack 4096
				ExitProcess proto,dwExitCode:dword

 00000000			.data
 00000000 00			x BYTE 0

 00000000			.code
 00000000			main proc

 00000000  B0 05		 mov al, 5
 00000002  B3 04		 mov bl, 4
 00000004  B1 02		 mov cl, 2
 00000006  3A C3		 cmp al,bl        ; first expression...
 00000008  76 0E		 jbe next
 0000000A  C6 05 00000000 R	 mov x,0
	   00
 00000011  80 05 00000000 R	 add x,1		  ;x = 1
	   01
 00000018			 next:
					
					invoke ExitProcess,0
 00000018  6A 00	   *	    push   +000000000h
 0000001A  E8 00000000 E   *	    call   ExitProcess
 0000001F			main endp
				end main
Microsoft (R) Macro Assembler Version 14.16.27027.1	    03/27/19 09:57:59
IF.asm							     Symbols 2 - 1




Segments and Groups:

                N a m e                 Size     Length   Align   Combine Class

FLAT . . . . . . . . . . . . . .	GROUP
STACK  . . . . . . . . . . . . .	32 Bit	 00001000 DWord	  Stack	  'STACK'	 
_DATA  . . . . . . . . . . . . .	32 Bit	 00000001 DWord	  Public  'DATA'	
_TEXT  . . . . . . . . . . . . .	32 Bit	 0000001F DWord	  Public  'CODE'	


Procedures, parameters, and locals:

                N a m e                 Type     Value    Attr

ExitProcess  . . . . . . . . . .	P Near	 00000000 FLAT	Length= 00000000 External STDCALL
main . . . . . . . . . . . . . .	P Near	 00000000 _TEXT	Length= 0000001F Public STDCALL
  next . . . . . . . . . . . . .	L Near	 00000018 _TEXT	


Symbols:

                N a m e                 Type     Value    Attr

@CodeSize  . . . . . . . . . . .	Number	 00000000h   
@DataSize  . . . . . . . . . . .	Number	 00000000h   
@Interface . . . . . . . . . . .	Number	 00000003h   
@Model . . . . . . . . . . . . .	Number	 00000007h   
@code  . . . . . . . . . . . . .	Text   	 _TEXT
@data  . . . . . . . . . . . . .	Text   	 FLAT
@fardata?  . . . . . . . . . . .	Text   	 FLAT
@fardata . . . . . . . . . . . .	Text   	 FLAT
@stack . . . . . . . . . . . . .	Text   	 FLAT
x  . . . . . . . . . . . . . . .	Byte	 00000000 _DATA	

	   0 Warnings
	   0 Errors
