Microsoft (R) Macro Assembler Version 14.16.27027.1	    02/22/19 12:04:48
Nonni1.asm						     Page 1 - 1


				; Student: Bryan Nonni
				; Class: CSC3210
				; Assignment#: 3-1
				; Description: This program executes the following mathmatecial equation AX = val2 + 5 + val3 - val1
				; Result: AX = 28h = 40d

				.386
				.model flat,stdcall
				.stack 4096
				ExitProcess proto,dwExitCode:dword

 00000000			.data
 00000000 0005			val1 SWORD 5 
 00000002 0019			val2 WORD 25
 00000004 000F			val3 WORD 15

 00000000			.code
 00000000			main proc
 00000000  B8 00000000			mov eax,0	;zero out eax register
 00000005  BB 00000000			mov ebx,0	;zero out ebx register

 0000000A  66| 8B 1D			mov bx,val2	;move val2 to bx register bx = 25d = 
	   00000002 R
 00000011  66| 83 C3 05			add bx,5	;add 5 to bx register bx = 30
 00000015  66| 03 1D			add bx,val3	;add val3 to bx register bx = 45 = 2Dh
	   00000004 R
 0000001C  66| 2B 1D			sub bx,val1	;subtract val1 from bx register, bx = 40d = 
	   00000000 R
 00000023  66| 8B C3			mov ax,bx	;mov bx to ax
					
					invoke ExitProcess,0
 00000026  6A 00	   *	    push   +000000000h
 00000028  E8 00000000 E   *	    call   ExitProcess

 0000002D			main endp
				end main
Microsoft (R) Macro Assembler Version 14.16.27027.1	    02/22/19 12:04:48
Nonni1.asm						     Symbols 2 - 1




Segments and Groups:

                N a m e                 Size     Length   Align   Combine Class

FLAT . . . . . . . . . . . . . .	GROUP
STACK  . . . . . . . . . . . . .	32 Bit	 00001000 DWord	  Stack	  'STACK'	 
_DATA  . . . . . . . . . . . . .	32 Bit	 00000006 DWord	  Public  'DATA'	
_TEXT  . . . . . . . . . . . . .	32 Bit	 0000002D DWord	  Public  'CODE'	


Procedures, parameters, and locals:

                N a m e                 Type     Value    Attr

ExitProcess  . . . . . . . . . .	P Near	 00000000 FLAT	Length= 00000000 External STDCALL
main . . . . . . . . . . . . . .	P Near	 00000000 _TEXT	Length= 0000002D Public STDCALL


Symbols:

                N a m e                 Type     Value    Attr

@CodeSize  . . . . . . . . . . .	Number	 00000000h   
@DataSize  . . . . . . . . . . .	Number	 00000000h   
@Interface . . . . . . . . . . .	Number	 00000003h   
@Model . . . . . . . . . . . . .	Number	 00000007h   
@code  . . . . . . . . . . . . .	Text   	 _TEXT
@data  . . . . . . . . . . . . .	Text   	 FLAT
@fardata?  . . . . . . . . . . .	Text   	 FLAT
@fardata . . . . . . . . . . . .	Text   	 FLAT
@stack . . . . . . . . . . . . .	Text   	 FLAT
val1 . . . . . . . . . . . . . .	Word	 00000000 _DATA	
val2 . . . . . . . . . . . . . .	Word	 00000002 _DATA	
val3 . . . . . . . . . . . . . .	Word	 00000004 _DATA	

	   0 Warnings
	   0 Errors
